<?xml version="1.0" encoding="UTF-8"?>
<testng-results ignored="0" total="1" passed="1" failed="0" skipped="0">
  <reporter-output>
  </reporter-output>
  <suite started-at="2022-03-20T17:07:43 IST" name="Default suite" finished-at="2022-03-20T17:07:49 IST" duration-ms="5355">
    <groups>
    </groups>
    <test started-at="2022-03-20T17:07:43 IST" name="Default test" finished-at="2022-03-20T17:07:49 IST" duration-ms="5355">
      <class name="TestCases.VerifyLogin">
        <test-method signature="Login_Test()[pri:0, instance:TestCases.VerifyLogin@f5acb9d]" started-at="2022-03-20T17:07:43 IST" name="Login_Test" finished-at="2022-03-20T17:07:49 IST" duration-ms="5303" status="PASS">
          <reporter-output>
          </reporter-output>
        </test-method> <!-- Login_Test -->
      </class> <!-- TestCases.VerifyLogin -->
    </test> <!-- Default test -->
  </suite> <!-- Default suite -->
</testng-results>
